<?xml version="1.0" encoding="UTF-8"?>
<!-- Generated by org.testng.reporters.JUnitReportReporter -->
<testsuite hostname="BGVM1" failures="0" tests="1" name="StandAloneTest.StockTransferPagePolishCode" time="25.607" errors="0" timestamp="2025-06-23T16:26:32 UTC" skipped="0">
  <testcase classname="StandAloneTest.StockTransferPagePolishCode" name="PPLE" time="25.607"/>
</testsuite> <!-- StandAloneTest.StockTransferPagePolishCode -->
