<?xml version="1.0" encoding="UTF-8"?>
<!-- Generated by org.testng.reporters.JUnitReportReporter -->
<testsuite hostname="BGVM1" failures="0" tests="1" name="StandAloneTest.IndentFlowPolishCode" time="16.920" errors="0" timestamp="2025-07-09T09:46:53 UTC" skipped="0">
  <testcase classname="StandAloneTest.IndentFlowPolishCode" name="PPLE" time="16.920"/>
</testsuite> <!-- StandAloneTest.IndentFlowPolishCode -->
