<?xml version="1.0" encoding="UTF-8"?>
<!-- Generated by org.testng.reporters.JUnitReportReporter -->
<testsuite hostname="BGVM1" failures="0" tests="1" name="TestComponents.LowStockChecker" time="22.367" errors="0" timestamp="2025-07-10T06:52:45 UTC" skipped="0">
  <testcase classname="TestComponents.LowStockChecker" name="ExcessStockCheckerTest" time="22.367"/>
</testsuite> <!-- TestComponents.LowStockChecker -->
