<?xml version="1.0" encoding="UTF-8"?>
<!-- Generated by org.testng.reporters.JUnitReportReporter -->
<testsuite hostname="BGVM1" failures="0" tests="1" name="StandAloneTest.StockTransfer" time="25.555" errors="0" timestamp="2025-06-25T09:47:09 UTC" skipped="0">
  <testcase classname="StandAloneTest.StockTransfer" name="PPLE" time="25.555"/>
</testsuite> <!-- StandAloneTest.StockTransfer -->
