<?xml version="1.0" encoding="UTF-8"?>
<!-- Generated by org.testng.reporters.JUnitReportReporter -->
<testsuite hostname="BGVM1" failures="0" tests="1" name="StandAloneTest.PoTrackingList" time="36.773" errors="0" timestamp="2025-06-19T14:58:32 UTC" skipped="0">
  <testcase classname="StandAloneTest.PoTrackingList" name="PPLE" time="36.773"/>
</testsuite> <!-- StandAloneTest.PoTrackingList -->
