<?xml version="1.0" encoding="UTF-8"?>
<!-- Generated by org.testng.reporters.JUnitReportReporter -->
<testsuite hostname="BGVM1" failures="0" tests="1" name="StandAloneTest.ExcessStockPolishCode" time="33.145" errors="0" timestamp="2025-06-25T12:19:24 UTC" skipped="0">
  <testcase classname="StandAloneTest.ExcessStockPolishCode" name="PPLE" time="33.145"/>
</testsuite> <!-- StandAloneTest.ExcessStockPolishCode -->
