<?xml version="1.0" encoding="UTF-8"?>
<!-- Generated by org.testng.reporters.JUnitReportReporter -->
<testsuite hostname="BGVM1" failures="0" tests="1" name="StandAloneTest.ExcessStockList" time="59.958" errors="0" timestamp="2025-06-23T15:49:40 UTC" skipped="0">
  <testcase classname="StandAloneTest.ExcessStockList" name="PPLE" time="59.958"/>
</testsuite> <!-- StandAloneTest.ExcessStockList -->
