<?xml version="1.0" encoding="UTF-8"?>
<!-- Generated by org.testng.reporters.JUnitReportReporter -->
<testsuite hostname="abdul" failures="0" tests="1" name="TestComponents.AppointMentBooking" time="19.811" errors="0" timestamp="2025-08-01T10:47:33 IST" skipped="0">
  <testcase classname="TestComponents.AppointMentBooking" name="Login" time="19.811"/>
</testsuite> <!-- TestComponents.AppointMentBooking -->
