<?xml version="1.0" encoding="UTF-8"?>
<!-- Generated by org.testng.reporters.JUnitReportReporter -->
<testsuite hostname="BGVM1" failures="0" tests="1" name="TestComponents.WareHouseMasterTest.WarehouseMasterSetup" time="16.135" errors="0" timestamp="2025-07-19T07:41:39 UTC" skipped="0">
  <testcase classname="TestComponents.WareHouseMasterTest.WarehouseMasterSetup" name="Login1" time="16.135"/>
</testsuite> <!-- TestComponents.WareHouseMasterTest.WarehouseMasterSetup -->
