<?xml version="1.0" encoding="UTF-8"?>
<!-- Generated by org.testng.reporters.JUnitReportReporter -->
<testsuite hostname="BGVM1" failures="0" tests="1" name="StandAloneTest.MedicineCheceker" time="62.288" errors="0" timestamp="2025-06-18T08:08:48 UTC" skipped="0">
  <testcase classname="StandAloneTest.MedicineCheceker" name="PharmacyLoginCredentials" time="62.288"/>
</testsuite> <!-- StandAloneTest.MedicineCheceker -->
