<?xml version="1.0" encoding="UTF-8"?>
<!-- Generated by org.testng.reporters.JUnitReportReporter -->
<testsuite hostname="BGVM1" failures="0" tests="1" name="TestComponents.WarehouseMasterSetup" time="15.889" errors="0" timestamp="2025-07-18T09:36:26 UTC" skipped="0">
  <testcase classname="TestComponents.WarehouseMasterSetup" name="Login1" time="15.889"/>
</testsuite> <!-- TestComponents.WarehouseMasterSetup -->
