<?xml version="1.0" encoding="UTF-8"?>
<!-- Generated by org.testng.reporters.JUnitReportReporter -->
<testsuite hostname="BGVM1" failures="0" tests="1" name="StandAloneTest.IndentFlow" time="28.473" errors="0" timestamp="2025-06-24T12:11:38 UTC" skipped="0">
  <testcase classname="StandAloneTest.IndentFlow" name="PPLE" time="28.473"/>
</testsuite> <!-- StandAloneTest.IndentFlow -->
