<?xml version="1.0" encoding="UTF-8"?>
<!-- Generated by org.testng.reporters.JUnitReportReporter -->
<testsuite hostname="BGVM1" failures="0" tests="1" name="StandAloneTest.PurchaseOrder" time="51.270" errors="0" timestamp="2025-07-03T08:02:06 UTC" skipped="0">
  <testcase classname="StandAloneTest.PurchaseOrder" name="PPLE" time="51.270"/>
</testsuite> <!-- StandAloneTest.PurchaseOrder -->
