<?xml version="1.0" encoding="UTF-8"?>
<!-- Generated by org.testng.reporters.JUnitReportReporter -->
<testsuite hostname="BGVM1" failures="0" tests="1" name="StandAloneTest.SalesReturnPagePolishCode" time="48.565" errors="0" timestamp="2025-06-25T05:22:13 UTC" skipped="0">
  <testcase classname="StandAloneTest.SalesReturnPagePolishCode" name="PPLE" time="48.565"/>
</testsuite> <!-- StandAloneTest.SalesReturnPagePolishCode -->
