<?xml version="1.0" encoding="UTF-8"?>
<!-- Generated by org.testng.reporters.JUnitReportReporter -->
<testsuite hostname="BGVM1" failures="0" tests="1" name="StandAloneTest.SalesReturn" time="124.994" errors="0" timestamp="2025-06-21T06:27:55 UTC" skipped="0">
  <testcase classname="StandAloneTest.SalesReturn" name="PPLE" time="124.994"/>
</testsuite> <!-- StandAloneTest.SalesReturn -->
