<?xml version="1.0" encoding="UTF-8"?>
<!-- Generated by org.testng.reporters.JUnitReportReporter -->
<testsuite hostname="BGVM1" failures="0" tests="1" name="TestComponents.NegativeTestCasesClass" time="0.530" errors="0" timestamp="2025-06-30T07:38:36 UTC" skipped="0">
  <testcase classname="TestComponents.NegativeTestCasesClass" name="PharmacyPurchaseReturn" time="0.530"/>
</testsuite> <!-- TestComponents.NegativeTestCasesClass -->
