<?xml version="1.0" encoding="UTF-8"?>
<!-- Generated by org.testng.reporters.JUnitReportReporter -->
<testsuite hostname="BGVM1" failures="0" tests="1" name="TestComponents.ExcessStockChecker" time="24.157" errors="0" timestamp="2025-07-10T07:03:06 UTC" skipped="0">
  <testcase classname="TestComponents.ExcessStockChecker" name="ExcessStockCheckerTest" time="24.157"/>
</testsuite> <!-- TestComponents.ExcessStockChecker -->
