<?xml version="1.0" encoding="UTF-8"?>
<!-- Generated by org.testng.reporters.JUnitReportReporter -->
<testsuite hostname="BGVM1" failures="0" tests="1" name="StandAloneTest.LowStockList" time="50.962" errors="0" timestamp="2025-06-21T06:24:01 UTC" skipped="0">
  <testcase classname="StandAloneTest.LowStockList" name="PPLE" time="50.962"/>
</testsuite> <!-- StandAloneTest.LowStockList -->
