<?xml version="1.0" encoding="UTF-8"?>
<!-- Generated by org.testng.reporters.JUnitReportReporter -->
<testsuite hostname="BGVM1" failures="0" tests="2" name="TestComponents.WareHouseMasterTest.WarehouseMasterSetupPage2" time="6.077" errors="0" timestamp="2025-07-29T09:48:17 UTC" skipped="0">
  <testcase classname="TestComponents.WareHouseMasterTest.WarehouseMasterSetupPage2" name="login" time="4.182"/>
  <testcase classname="TestComponents.WareHouseMasterTest.WarehouseMasterSetupPage2" name="testLedgerCreation" time="1.895"/>
</testsuite> <!-- TestComponents.WareHouseMasterTest.WarehouseMasterSetupPage2 -->
