<?xml version="1.0" encoding="UTF-8"?>
<!-- Generated by org.testng.reporters.JUnitReportReporter -->
<testsuite hostname="BGVM1" failures="0" tests="1" name="TestComponents.IndentFlow" time="10.755" errors="0" timestamp="2025-07-18T10:56:11 UTC" skipped="0">
  <testcase classname="TestComponents.IndentFlow" name="IndentFlowTest" time="10.755"/>
</testsuite> <!-- TestComponents.IndentFlow -->
