<?xml version="1.0" encoding="UTF-8"?>
<!-- Generated by org.testng.reporters.JUnitReportReporter -->
<testsuite hostname="BGVM1" failures="0" tests="1" name="StandAloneTest.LowStockListPolishCode" time="33.701" errors="0" timestamp="2025-06-25T10:00:41 UTC" skipped="0">
  <testcase classname="StandAloneTest.LowStockListPolishCode" name="PPLE" time="33.701"/>
</testsuite> <!-- StandAloneTest.LowStockListPolishCode -->
