<?xml version="1.0" encoding="UTF-8"?>
<!-- Generated by org.testng.reporters.JUnitReportReporter -->
<testsuite hostname="BGVM1" failures="0" tests="1" name="TestComponents.Bugs.Discharge_Ip" time="6.429" errors="0" timestamp="2025-07-26T07:01:38 UTC" skipped="0">
  <testcase classname="TestComponents.Bugs.Discharge_Ip" name="Login" time="6.429"/>
</testsuite> <!-- TestComponents.Bugs.Discharge_Ip -->
