<?xml version="1.0" encoding="UTF-8"?>
<!-- Generated by org.testng.reporters.JUnitReportReporter -->
<testsuite hostname="abdul" failures="0" tests="1" name="TestComponents.AppointMentBooking" time="29.977" errors="0" timestamp="2025-07-29T19:01:59 IST" skipped="0">
  <testcase classname="TestComponents.AppointMentBooking" name="Login" time="29.977"/>
</testsuite> <!-- TestComponents.AppointMentBooking -->
