<?xml version="1.0" encoding="UTF-8"?>
<!-- Generated by org.testng.reporters.JUnitReportReporter -->
<testsuite hostname="BGVM1" failures="0" tests="1" name="TestComponents.PharmacyPurchaseReturn" time="20.062" errors="0" timestamp="2025-07-09T05:56:00 UTC" skipped="0">
  <testcase classname="TestComponents.PharmacyPurchaseReturn" name="PharmacyPurchaseReturn" time="20.062"/>
</testsuite> <!-- TestComponents.PharmacyPurchaseReturn -->
