<?xml version="1.0" encoding="UTF-8"?>
<!-- Generated by org.testng.reporters.JUnitReportReporter -->
<testsuite hostname="BGVM1" failures="0" tests="3" name="TestComponents.StockTransfer2" time="6.625" errors="0" timestamp="2025-07-15T04:44:41 UTC" skipped="0">
  <testcase classname="TestComponents.StockTransfer2" name="StockTransfer2_Login" time="0.487"/>
  <testcase classname="TestComponents.StockTransfer2" name="StockTransfer2_NavigateToIndent" time="3.471"/>
  <testcase classname="TestComponents.StockTransfer2" name="StockTransfer2_ExecuteStockTransfer" time="2.667"/>
</testsuite> <!-- TestComponents.StockTransfer2 -->
