<?xml version="1.0" encoding="UTF-8"?>
<!-- Generated by org.testng.reporters.JUnitReportReporter -->
<testsuite hostname="BGVM1" failures="0" tests="6" name="TestComponents.PharmacyPurchaseOrder2" time="23.411" errors="0" timestamp="2025-07-15T04:44:41 UTC" skipped="0">
  <testcase classname="TestComponents.PharmacyPurchaseOrder2" name="PharmacyPurchaseOrder2_Login" time="0.530"/>
  <testcase classname="TestComponents.PharmacyPurchaseOrder2" name="PharmacyPurchaseOrder2_CreateAndSavePO" time="7.500"/>
  <testcase classname="TestComponents.PharmacyPurchaseOrder2" name="PharmacyPurchaseOrder2_FillPurchaseForm" time="14.032"/>
  <testcase classname="TestComponents.PharmacyPurchaseOrder2" name="PharmacyPurchaseOrder2_VerifyPOInTrackingPage" time="0.406"/>
  <testcase classname="TestComponents.PharmacyPurchaseOrder2" name="PharmacyPurchaseOrder2_EditSecondTabPO" time="0.508"/>
  <testcase classname="TestComponents.PharmacyPurchaseOrder2" name="PharmacyPurchaseOrder2_ApproveFirstTabPO" time="0.435"/>
</testsuite> <!-- TestComponents.PharmacyPurchaseOrder2 -->
