<?xml version="1.0" encoding="UTF-8"?>
<!-- Generated by org.testng.reporters.JUnitReportReporter -->
<testsuite hostname="BGVM1" failures="0" tests="4" name="TestComponents.IndentFlow2" time="8.633" errors="0" timestamp="2025-07-15T04:44:41 UTC" skipped="0">
  <testcase classname="TestComponents.IndentFlow2" name="IndentFlow2_ShouldEditIndentAndSendRequest" time="0.487"/>
  <testcase classname="TestComponents.IndentFlow2" name="IndentFlow2_ShouldLoginAndNavigateToIndentPage" time="5.155"/>
  <testcase classname="TestComponents.IndentFlow2" name="IndentFlow2_ShouldCreateIndentRequestForLocation" time="1.578"/>
  <testcase classname="TestComponents.IndentFlow2" name="IndentFlow2_ShouldApproveIndentRequest" time="1.413"/>
</testsuite> <!-- TestComponents.IndentFlow2 -->
