<?xml version="1.0" encoding="UTF-8"?>
<!-- Generated by org.testng.reporters.JUnitReportReporter -->
<testsuite hostname="BGVM1" failures="0" tests="1" name="TestComponents.SalesReturn" time="37.209" errors="0" timestamp="2025-06-27T12:27:49 UTC" skipped="0">
  <testcase classname="TestComponents.SalesReturn" name="SalesReturn" time="37.209"/>
</testsuite> <!-- TestComponents.SalesReturn -->
