<?xml version="1.0" encoding="UTF-8"?>
<!-- Generated by org.testng.reporters.JUnitReportReporter -->
<testsuite hostname="BGVM1" failures="0" tests="4" name="TestComponents.PharmacyPurchaseReturn2" time="14.229" errors="0" timestamp="2025-07-15T04:44:41 UTC" skipped="0">
  <testcase classname="TestComponents.PharmacyPurchaseReturn2" name="PharmacyPurchaseReturn2_CreateReturn" time="2.589"/>
  <testcase classname="TestComponents.PharmacyPurchaseReturn2" name="PharmacyPurchaseReturn2_GetGRN" time="1.573"/>
  <testcase classname="TestComponents.PharmacyPurchaseReturn2" name="PharmacyPurchaseReturn2_Login" time="0.471"/>
  <testcase classname="TestComponents.PharmacyPurchaseReturn2" name="PharmacyPurchaseReturn2_CreatePurchase" time="9.596"/>
</testsuite> <!-- TestComponents.PharmacyPurchaseReturn2 -->
