<?xml version="1.0" encoding="UTF-8"?>
<!-- Generated by org.testng.reporters.JUnitReportReporter -->
<testsuite hostname="BGVM1" failures="0" tests="4" name="TestComponents.SalesReturn2" time="55.835" errors="0" timestamp="2025-07-15T04:44:41 UTC" skipped="0">
  <testcase classname="TestComponents.SalesReturn2" name="SalesReturn2_Login" time="0.465"/>
  <testcase classname="TestComponents.SalesReturn2" name="SalesReturn2_ProcessReturn" time="4.400"/>
  <testcase classname="TestComponents.SalesReturn2" name="SalesReturn2_CreateSales" time="50.076"/>
  <testcase classname="TestComponents.SalesReturn2" name="SalesReturn2_SearchBill" time="0.894"/>
</testsuite> <!-- TestComponents.SalesReturn2 -->
