<?xml version="1.0" encoding="UTF-8"?>
<!-- Generated by org.testng.reporters.JUnitReportReporter -->
<testsuite hostname="BGVM1" failures="0" tests="3" name="TestComponents.LowStockChecker2" time="17.571" errors="0" timestamp="2025-07-15T04:44:41 UTC" skipped="0">
  <testcase classname="TestComponents.LowStockChecker2" name="LowStockChecker2_ShouldAddOpeningStockForValidation" time="3.257"/>
  <testcase classname="TestComponents.LowStockChecker2" name="LowStockChecker2_ShouldLoginToSystem" time="3.374"/>
  <testcase classname="TestComponents.LowStockChecker2" name="LowStockChecker2_ShouldAddMedicineWithLowStockThreshold" time="10.940"/>
</testsuite> <!-- TestComponents.LowStockChecker2 -->
