<?xml version="1.0" encoding="UTF-8"?>
<!-- Generated by org.testng.reporters.JUnitReportReporter -->
<testsuite hostname="BGVM1" failures="0" tests="3" name="TestComponents.ExcessStockChecker2" time="22.177" errors="0" timestamp="2025-07-15T04:44:41 UTC" skipped="0">
  <testcase classname="TestComponents.ExcessStockChecker2" name="ExcessStockChecker2_ShouldAddOpeningStockToMedicine" time="3.065"/>
  <testcase classname="TestComponents.ExcessStockChecker2" name="ExcessStockChecker2_ShouldLoginSuccessfullyForUser" time="3.635"/>
  <testcase classname="TestComponents.ExcessStockChecker2" name="ExcessStockChecker2_ShouldAddMedicineForExcessStockValidation" time="15.477"/>
</testsuite> <!-- TestComponents.ExcessStockChecker2 -->
