<?xml version="1.0" encoding="UTF-8"?>
<!-- Generated by org.testng.reporters.JUnitReportReporter -->
<testsuite hostname="BGVM1" failures="0" tests="1" name="TestComponents.PharmacyLogin" time="103.849" errors="0" timestamp="2025-06-27T12:27:49 UTC" skipped="0">
  <testcase classname="TestComponents.PharmacyLogin" name="PharmacyLoginCredentials" time="103.849"/>
</testsuite> <!-- TestComponents.PharmacyLogin -->
