<?xml version="1.0" encoding="UTF-8"?>
<!-- Generated by org.testng.reporters.JUnitReportReporter -->
<testsuite hostname="BGVM1" failures="0" tests="10" name="TestComponents.PharmacyLogin2" time="163.008" errors="0" timestamp="2025-07-15T04:44:41 UTC" skipped="0">
  <testcase classname="TestComponents.PharmacyLogin2" name="PharmacyLogin2_ShouldAssignRolesToUser" time="7.902"/>
  <testcase classname="TestComponents.PharmacyLogin2" name="PharmacyLogin2_ShouldLoginSuccessfullyForUser" time="0.534"/>
  <testcase classname="TestComponents.PharmacyLogin2" name="PharmacyLogin2_ShouldAddMedicineToShelf" time="11.237"/>
  <testcase classname="TestComponents.PharmacyLogin2" name="PharmacyLogin2_ShouldCreateWarehouseForMasterSetup" time="49.602"/>
  <testcase classname="TestComponents.PharmacyLogin2" name="PharmacyLogin2_ShouldCreateSupplierForStore" time="15.122"/>
  <testcase classname="TestComponents.PharmacyLogin2" name="PharmacyLogin2_ShouldAddHospitalLocationToSystem" time="19.695"/>
  <testcase classname="TestComponents.PharmacyLogin2" name="PharmacyLogin2_ShouldAddCustomerToPharmacy" time="12.744"/>
  <testcase classname="TestComponents.PharmacyLogin2" name="PharmacyLogin2_ShouldCreateStoreForWarehouse" time="21.617"/>
  <testcase classname="TestComponents.PharmacyLogin2" name="PharmacyLogin2_ShouldCreateStorageShelfForSupplier" time="12.223"/>
  <testcase classname="TestComponents.PharmacyLogin2" name="PharmacyLogin2_ShouldAddPharmacyLocationToSystem" time="12.332"/>
</testsuite> <!-- TestComponents.PharmacyLogin2 -->
